Slideshow: /Users/hubbard/Downloads/SAB Video Production v4/templates/Jn01.01-18 The Word/Jn01.1-18.slideshow

Using new Slideshow format without PhotoStage!

Slide 1
  Duration:    5

Slide 2
  Start Ref:   JHN.1.1
  Start Time:  4.36
  Duration:    9.4

Slide 3
  Start Ref:   JHN.1.3
  Start Time:  13.76
  Duration:    5.96

Slide 4
  Start Ref:   JHN.1.4
  Start Time:  19.72
  Duration:    4.2

Slide 5
  Start Ref:   JHN.1.5
  Start Time:  23.92
  Duration:    2.28

Slide 6
  Start Time:  26.2
  Duration:    2.28

Slide 7
  Start Ref:   JHN.1.6
  Start Time:  28.48
  Duration:    10.88

Slide 8
  Start Ref:   JHN.1.8
  Start Time:  39.36
  Duration:    4.2

Slide 9
  Start Ref:   JHN.1.9
  Start Time:  43.56
  Duration:    4.64

Slide 10
  Start Ref:   JHN.1.10
  Start Time:  48.2
  Duration:    6.76

Slide 11
  Start Ref:   JHN.1.11
  Start Time:  54.96
  Duration:    4.32

Slide 12
  Start Ref:   JHN.1.12
  Start Time:  59.28
  Duration:    16.12

Slide 13
  Start Ref:   JHN.1.14
  Start Time:  75.4
  Duration:    9.76

Slide 14
  Start Ref:   JHN.1.15
  Start Time:  85.16
  Duration:    11.92

Slide 15
  Start Ref:   JHN.1.16
  Start Time:  97.08
  Duration:    10.88

Slide 16
  Start Ref:   JHN.1.18
  Start Time:  107.96
  End Ref:     JHN.1.18
  End Time:    116.32
  Duration:    8.36

Slide 17
  Duration:    5

